生成启动时间为 2018/9/15 12:15:14。
     1>项目“C:\Users\sodunux\Documents\Github\MfcStudy\MfcStudy\MfcStudy\MfcStudy.vcxproj”在节点 2 上(build 个目标)。
     1>InitializeBuildStatus:
         正在创建“Debug\MfcStudy.unsuccessfulbuild”，因为已指定“AlwaysCreate”。
       ClCompile:
         所有输出均为最新。
         C:\Program Files (x86)\Microsoft Visual Studio 10.0\VC\bin\CL.exe /c /ZI /nologo /W3 /WX- /Od /Oy- /D WIN32 /D _WINDOWS /D _DEBUG /D _UNICODE /D UNICODE /D _AFXDLL /Gm /EHsc /RTC1 /MDd /GS /fp:precise /Zc:wchar_t /Zc:forScope /Yu"StdAfx.h" /Fp"Debug\MfcStudy.pch" /Fo"Debug\\" /Fd"Debug\vc100.pdb" /Gd /TP /analyze- /errorReport:prompt MfcStudyDlg.cpp
         MfcStudyDlg.cpp
       ResourceCompile:
         所有输出均为最新。
       ManifestResourceCompile:
         所有输出均为最新。
       Link:
         C:\Program Files (x86)\Microsoft Visual Studio 10.0\VC\bin\link.exe /ERRORREPORT:PROMPT /OUT:"C:\Users\sodunux\Documents\Github\MfcStudy\MfcStudy\Debug\MfcStudy.exe" /INCREMENTAL /NOLOGO /MANIFEST /ManifestFile:"Debug\MfcStudy.exe.intermediate.manifest" /MANIFESTUAC:"level='asInvoker' uiAccess='false'" /DEBUG /PDB:"C:\Users\sodunux\Documents\Github\MfcStudy\MfcStudy\Debug\MfcStudy.pdb" /SUBSYSTEM:WINDOWS /TLBID:1 /ENTRY:"wWinMainCRTStartup" /DYNAMICBASE /NXCOMPAT /IMPLIB:"C:\Users\sodunux\Documents\Github\MfcStudy\MfcStudy\Debug\MfcStudy.lib" /MACHINE:X86 Debug\MfcStudy.res
         Debug\MfcStudy.exe.embed.manifest.res
         Debug\MfcStudy.obj
         Debug\MfcStudyDlg.obj
         Debug\stdafx.obj
         Debug\TipDlg.obj
       Manifest:
         C:\Program Files (x86)\Microsoft SDKs\Windows\v7.0A\bin\mt.exe /nologo /verbose /out:"Debug\MfcStudy.exe.embed.manifest" /manifest Debug\MfcStudy.exe.intermediate.manifest "C:\Program Files (x86)\Microsoft Visual Studio 10.0\VC\Include\Manifest\dpiaware.manifest"
         所有输出均为最新。
       LinkEmbedManifest:
         所有输出均为最新。
         MfcStudy.vcxproj -> C:\Users\sodunux\Documents\Github\MfcStudy\MfcStudy\Debug\MfcStudy.exe
       FinalizeBuildStatus:
         正在删除文件“Debug\MfcStudy.unsuccessfulbuild”。
         正在对“Debug\MfcStudy.lastbuildstate”执行 Touch 任务。
     1>已完成生成项目“C:\Users\sodunux\Documents\Github\MfcStudy\MfcStudy\MfcStudy\MfcStudy.vcxproj”(build 个目标)的操作。

生成成功。

已用时间 00:00:02.08
